2022-07-25 08:59:11 - Starting OnlinePizzaOrderApplication using Java 17.0.3 on INLEN8520044969 with PID 26968 (C:\Users\ssowkya\SprintProject\OnlinePizzaOrderApplication\target\classes started by ssowkya in C:\Users\ssowkya\SprintProject\OnlinePizzaOrderApplication)
2022-07-25 08:59:11 - No active profile set, falling back to default profiles: default
2022-07-25 08:59:11 - Devtools property defaults active! Set 'spring.devtools.add-properties' to 'false' to disable
2022-07-25 08:59:11 - For additional web related logging consider setting the 'logging.level.web' property to 'DEBUG'
2022-07-25 08:59:11 - Bootstrapping Spring Data JPA repositories in DEFAULT mode.
2022-07-25 08:59:12 - Finished Spring Data repository scanning in 89 ms. Found 6 JPA repository interfaces.
2022-07-25 08:59:12 - Tomcat initialized with port(s): 8156 (http)
2022-07-25 08:59:12 - Starting service [Tomcat]
2022-07-25 08:59:12 - Starting Servlet engine: [Apache Tomcat/9.0.48]
2022-07-25 08:59:12 - Initializing Spring embedded WebApplicationContext
2022-07-25 08:59:12 - Root WebApplicationContext: initialization completed in 1769 ms
2022-07-25 08:59:13 - HHH000204: Processing PersistenceUnitInfo [name: default]
2022-07-25 08:59:13 - HHH000412: Hibernate ORM core version 5.4.32.Final
2022-07-25 08:59:13 - HCANN000001: Hibernate Commons Annotations {5.1.2.Final}
2022-07-25 08:59:13 - HikariPool-1 - Starting...
2022-07-25 08:59:13 - HikariPool-1 - Start completed.
2022-07-25 08:59:13 - HHH000400: Using dialect: org.hibernate.dialect.PostgreSQLDialect
2022-07-25 08:59:14 - HHH000490: Using JtaPlatform implementation: [org.hibernate.engine.transaction.jta.platform.internal.NoJtaPlatform]
2022-07-25 08:59:14 - Initialized JPA EntityManagerFactory for persistence unit 'default'
2022-07-25 08:59:15 - spring.jpa.open-in-view is enabled by default. Therefore, database queries may be performed during view rendering. Explicitly configure spring.jpa.open-in-view to disable this warning
2022-07-25 08:59:15 - Mapped URL path [/v2/api-docs] onto method [springfox.documentation.swagger2.web.Swagger2Controller#getDocumentation(String, HttpServletRequest)]
2022-07-25 08:59:15 - LiveReload server is running on port 35729
2022-07-25 08:59:15 - Tomcat started on port(s): 8156 (http) with context path ''
2022-07-25 08:59:15 - Context refreshed
2022-07-25 08:59:15 - Found 1 custom documentation plugin(s)
2022-07-25 08:59:15 - Scanning for api listing references
2022-07-25 08:59:15 - Generating unique operation named: deletePizzaUsingDELETE_1
2022-07-25 08:59:15 - Generating unique operation named: updateStatusUsingPUT_1
2022-07-25 08:59:15 - Generating unique operation named: getUserLoginUsingGET_1
2022-07-25 08:59:15 - Started OnlinePizzaOrderApplication in 5.139 seconds (JVM running for 5.553)
2022-07-25 09:00:25 - Initializing Spring DispatcherServlet 'dispatcherServlet'
2022-07-25 09:00:25 - Initializing Servlet 'dispatcherServlet'
2022-07-25 09:00:25 - Completed initialization in 3 ms
2022-07-25 10:30:11 - Resolved [org.springframework.web.method.annotation.MethodArgumentTypeMismatchException: Failed to convert value of type 'java.lang.String' to required type 'int'; nested exception is java.lang.NumberFormatException: For input string: "undefined"]
2022-07-25 10:55:36 - Resolved [org.springframework.web.bind.MethodArgumentNotValidException: Validation failed for argument [0] in public com.cg.pizzaorder.model.Admin com.cg.pizzaorder.controller.AdminController.createAdmin(com.cg.pizzaorder.model.Admin): [Field error in object 'admin' on field 'adminName': rejected value [null]; codes [NotBlank.admin.adminName,NotBlank.adminName,NotBlank.java.lang.String,NotBlank]; arguments [org.springframework.context.support.DefaultMessageSourceResolvable: codes [admin.adminName,adminName]; arguments []; default message [adminName]]; default message [Admin Name Should not be null]] ]
2022-07-25 10:55:39 - Resolved [org.springframework.web.bind.MethodArgumentNotValidException: Validation failed for argument [0] in public com.cg.pizzaorder.model.Admin com.cg.pizzaorder.controller.AdminController.createAdmin(com.cg.pizzaorder.model.Admin): [Field error in object 'admin' on field 'adminName': rejected value [null]; codes [NotBlank.admin.adminName,NotBlank.adminName,NotBlank.java.lang.String,NotBlank]; arguments [org.springframework.context.support.DefaultMessageSourceResolvable: codes [admin.adminName,adminName]; arguments []; default message [adminName]]; default message [Admin Name Should not be null]] ]
2022-07-25 11:03:48 - Resolved [org.springframework.web.method.annotation.MethodArgumentTypeMismatchException: Failed to convert value of type 'java.lang.String' to required type 'int'; nested exception is java.lang.NumberFormatException: For input string: "undefined"]
2022-07-25 11:04:23 - Fetched The Pizza Details
2022-07-25 11:04:23 - Fetched The Coupon
2022-07-25 11:04:23 - 47 WELCOME 50% offer First User Offer 123
2022-07-25 11:04:23 - 43 Corn Pozza Crunch flavoured corns Veg 150.0100.0
2022-07-25 11:04:23 - 52 WEEKEND OFFER 30%Off WeekOff 1234
2022-07-25 11:04:23 - 45 Chicken  null null 0.00.0
2022-07-25 11:04:23 - 46 Chicken Pizza Crunch flavoured Chicken Non Veg 250.0150.0
2022-07-25 11:04:27 - Resolved [org.springframework.web.method.annotation.MethodArgumentTypeMismatchException: Failed to convert value of type 'java.lang.String' to required type 'int'; nested exception is java.lang.NumberFormatException: For input string: "undefined"]
2022-07-25 11:04:30 - Fetched The Coupon
2022-07-25 11:04:30 - Fetched The Pizza Details
2022-07-25 11:04:30 - 43 Corn Pozza Crunch flavoured corns Veg 150.0100.0
2022-07-25 11:04:30 - 45 Chicken  null null 0.00.0
2022-07-25 11:04:30 - 47 WELCOME 50% offer First User Offer 123
2022-07-25 11:04:30 - 46 Chicken Pizza Crunch flavoured Chicken Non Veg 250.0150.0
2022-07-25 11:04:30 - 52 WEEKEND OFFER 30%Off WeekOff 1234
2022-07-25 11:04:59 - Fetched The Coupon
2022-07-25 11:04:59 - Fetched The Pizza Details
2022-07-25 11:04:59 - 43 Corn Pozza Crunch flavoured corns Veg 150.0100.0
2022-07-25 11:04:59 - 47 WELCOME 50% offer First User Offer 123
2022-07-25 11:04:59 - 45 Chicken  null null 0.00.0
2022-07-25 11:04:59 - 52 WEEKEND OFFER 30%Off WeekOff 1234
2022-07-25 11:04:59 - 46 Chicken Pizza Crunch flavoured Chicken Non Veg 250.0150.0
2022-07-25 11:05:06 - Fetched The Coupon
2022-07-25 11:05:06 - Fetched The Pizza Details
2022-07-25 11:05:06 - 43 Corn Pozza Crunch flavoured corns Veg 150.0100.0
2022-07-25 11:05:06 - 47 WELCOME 50% offer First User Offer 123
2022-07-25 11:05:06 - 45 Chicken  null null 0.00.0
2022-07-25 11:05:06 - 52 WEEKEND OFFER 30%Off WeekOff 1234
2022-07-25 11:05:06 - 46 Chicken Pizza Crunch flavoured Chicken Non Veg 250.0150.0
2022-07-25 11:05:15 - Fetched The Pizza Details
2022-07-25 11:05:15 - Fetched The Coupon
2022-07-25 11:05:15 - 43 Corn Pozza Crunch flavoured corns Veg 150.0100.0
2022-07-25 11:05:15 - 47 WELCOME 50% offer First User Offer 123
2022-07-25 11:05:15 - 45 Chicken  null null 0.00.0
2022-07-25 11:05:15 - 46 Chicken Pizza Crunch flavoured Chicken Non Veg 250.0150.0
2022-07-25 11:05:15 - 52 WEEKEND OFFER 30%Off WeekOff 1234
2022-07-25 11:05:16 - Resolved [org.springframework.web.method.annotation.MethodArgumentTypeMismatchException: Failed to convert value of type 'java.lang.String' to required type 'int'; nested exception is java.lang.NumberFormatException: For input string: "undefined"]
2022-07-25 11:05:18 - Fetched The Pizza Details
2022-07-25 11:05:18 - Fetched The Coupon
2022-07-25 11:05:18 - 47 WELCOME 50% offer First User Offer 123
2022-07-25 11:05:18 - 43 Corn Pozza Crunch flavoured corns Veg 150.0100.0
2022-07-25 11:05:18 - 52 WEEKEND OFFER 30%Off WeekOff 1234
2022-07-25 11:05:18 - 45 Chicken  null null 0.00.0
2022-07-25 11:05:18 - 46 Chicken Pizza Crunch flavoured Chicken Non Veg 250.0150.0
2022-07-25 11:05:46 - Fetched The Coupon
2022-07-25 11:05:46 - Fetched The Pizza Details
2022-07-25 11:05:46 - 47 WELCOME 50% offer First User Offer 123
2022-07-25 11:05:46 - 43 Corn Pozza Crunch flavoured corns Veg 150.0100.0
2022-07-25 11:05:46 - 52 WEEKEND OFFER 30%Off WeekOff 1234
2022-07-25 11:05:46 - 45 Chicken  null null 0.00.0
2022-07-25 11:05:46 - 46 Chicken Pizza Crunch flavoured Chicken Non Veg 250.0150.0
2022-07-25 11:19:17 - Fetched The Pizza Details
2022-07-25 11:19:17 - 43 Corn Pozza Crunch flavoured corns Veg 150.0100.0
2022-07-25 11:19:17 - 45 Chicken  null null 0.00.0
2022-07-25 11:19:17 - 46 Chicken Pizza Crunch flavoured Chicken Non Veg 250.0150.0
2022-07-25 11:20:57 - Fetched The Pizza Details
2022-07-25 11:20:57 - 43 Corn Pozza Crunch flavoured corns Veg 150.0100.0
2022-07-25 11:20:57 - 45 Chicken  null null 0.00.0
2022-07-25 11:20:57 - 46 Chicken Pizza Crunch flavoured Chicken Non Veg 250.0150.0
2022-07-25 11:22:57 - Fetched The Pizza Details
2022-07-25 11:22:57 - 43 Corn Pozza Crunch flavoured corns Veg 150.0100.0
2022-07-25 11:22:57 - 45 Chicken  null null 0.00.0
2022-07-25 11:22:57 - 46 Chicken Pizza Crunch flavoured Chicken Non Veg 250.0150.0
2022-07-25 11:29:18 - Fetched The Pizza Details
2022-07-25 11:29:18 - 43 Corn Pozza Crunch flavoured corns Veg 150.0100.0
2022-07-25 11:29:18 - 45 Chicken  null null 0.00.0
2022-07-25 11:29:18 - 46 Chicken Pizza Crunch flavoured Chicken Non Veg 250.0150.0
2022-07-25 11:32:34 - Fetched The Pizza Details
2022-07-25 11:32:34 - 43 Corn Pozza Crunch flavoured corns Veg 150.0100.0
2022-07-25 11:32:34 - 45 Chicken  null null 0.00.0
2022-07-25 11:32:34 - 46 Chicken Pizza Crunch flavoured Chicken Non Veg 250.0150.0
2022-07-25 11:32:53 - Fetched The Pizza Details
2022-07-25 11:32:53 - 43 Corn Pozza Crunch flavoured corns Veg 150.0100.0
2022-07-25 11:32:53 - 45 Chicken  null null 0.00.0
2022-07-25 11:32:53 - 46 Chicken Pizza Crunch flavoured Chicken Non Veg 250.0150.0
2022-07-25 11:37:32 - Fetched The Pizza Details
2022-07-25 11:37:32 - 43 Corn Pozza Crunch flavoured corns Veg 150.0100.0
2022-07-25 11:37:32 - 45 Chicken  null null 0.00.0
2022-07-25 11:37:32 - 46 Chicken Pizza Crunch flavoured Chicken Non Veg 250.0150.0
2022-07-25 11:38:00 - Fetched The Pizza Details
2022-07-25 11:38:00 - 43 Corn Pozza Crunch flavoured corns Veg 150.0100.0
2022-07-25 11:38:00 - 45 Chicken  null null 0.00.0
2022-07-25 11:38:00 - 46 Chicken Pizza Crunch flavoured Chicken Non Veg 250.0150.0
2022-07-25 11:41:07 - Fetched The Pizza Details
2022-07-25 11:41:07 - 43 Corn Pozza Crunch flavoured corns Veg 150.0100.0
2022-07-25 11:41:07 - 45 Chicken  null null 0.00.0
2022-07-25 11:41:07 - 46 Chicken Pizza Crunch flavoured Chicken Non Veg 250.0150.0
2022-07-25 11:42:04 - Deleted The Pizza Details based on id
2022-07-25 11:42:16 - Fetched The Pizza Details
2022-07-25 11:42:16 - 43 Corn Pozza Crunch flavoured corns Veg 150.0100.0
2022-07-25 11:42:16 - 46 Chicken Pizza Crunch flavoured Chicken Non Veg 250.0150.0
2022-07-25 11:45:48 - Fetched The Pizza Details
2022-07-25 11:45:48 - 43 Corn Pozza Crunch flavoured corns Veg 150.0100.0
2022-07-25 11:45:48 - 46 Chicken Pizza Crunch flavoured Chicken Non Veg 250.0150.0
2022-07-25 11:50:06 - Fetched The Pizza Details
2022-07-25 11:50:06 - 43 Corn Pozza Crunch flavoured corns Veg 150.0100.0
2022-07-25 11:50:06 - 46 Chicken Pizza Crunch flavoured Chicken Non Veg 250.0150.0
2022-07-25 11:50:18 - Fetched The Pizza Details
2022-07-25 11:50:18 - 43 Corn Pozza Crunch flavoured corns Veg 150.0100.0
2022-07-25 11:50:18 - 46 Chicken Pizza Crunch flavoured Chicken Non Veg 250.0150.0
2022-07-25 11:50:46 - Fetched The Pizza Details
2022-07-25 11:50:46 - 43 Corn Pozza Crunch flavoured corns Veg 150.0100.0
2022-07-25 11:50:46 - 46 Chicken Pizza Crunch flavoured Chicken Non Veg 250.0150.0
2022-07-25 11:50:48 - Deleted The Pizza Details based on id
2022-07-25 11:50:48 - SQL Error: 0, SQLState: 23503
2022-07-25 11:50:48 - ERROR: update or delete on table "pizza_table" violates foreign key constraint "fk2id4slxjn1os7yrj53wu9hkiy" on table "pizza_order_table"
  Detail: Key (pizza_id)=(43) is still referenced from table "pizza_order_table".
2022-07-25 11:50:48 - HHH000010: On release of batch it still contained JDBC statements
2022-07-25 11:50:48 - Servlet.service() for servlet [dispatcherServlet] in context with path [] threw exception [Request processing failed; nested exception is org.springframework.dao.DataIntegrityViolationException: could not execute statement; SQL [n/a]; constraint [fk2id4slxjn1os7yrj53wu9hkiy]; nested exception is org.hibernate.exception.ConstraintViolationException: could not execute statement] with root cause
org.postgresql.util.PSQLException: ERROR: update or delete on table "pizza_table" violates foreign key constraint "fk2id4slxjn1os7yrj53wu9hkiy" on table "pizza_order_table"
  Detail: Key (pizza_id)=(43) is still referenced from table "pizza_order_table".
	at org.postgresql.core.v3.QueryExecutorImpl.receiveErrorResponse(QueryExecutorImpl.java:2552)
	at org.postgresql.core.v3.QueryExecutorImpl.processResults(QueryExecutorImpl.java:2284)
	at org.postgresql.core.v3.QueryExecutorImpl.execute(QueryExecutorImpl.java:322)
	at org.postgresql.jdbc.PgStatement.executeInternal(PgStatement.java:481)
	at org.postgresql.jdbc.PgStatement.execute(PgStatement.java:401)
	at org.postgresql.jdbc.PgPreparedStatement.executeWithFlags(PgPreparedStatement.java:164)
	at org.postgresql.jdbc.PgPreparedStatement.executeUpdate(PgPreparedStatement.java:130)
	at com.zaxxer.hikari.pool.ProxyPreparedStatement.executeUpdate(ProxyPreparedStatement.java:61)
	at com.zaxxer.hikari.pool.HikariProxyPreparedStatement.executeUpdate(HikariProxyPreparedStatement.java)
	at org.hibernate.engine.jdbc.internal.ResultSetReturnImpl.executeUpdate(ResultSetReturnImpl.java:197)
	at org.hibernate.engine.jdbc.batch.internal.NonBatchingBatch.addToBatch(NonBatchingBatch.java:46)
	at org.hibernate.persister.entity.AbstractEntityPersister.delete(AbstractEntityPersister.java:3615)
	at org.hibernate.persister.entity.AbstractEntityPersister.delete(AbstractEntityPersister.java:3875)
	at org.hibernate.action.internal.EntityDeleteAction.execute(EntityDeleteAction.java:123)
	at org.hibernate.engine.spi.ActionQueue.executeActions(ActionQueue.java:604)
	at org.hibernate.engine.spi.ActionQueue.lambda$executeActions$1(ActionQueue.java:478)
	at java.base/java.util.LinkedHashMap.forEach(LinkedHashMap.java:721)
	at org.hibernate.engine.spi.ActionQueue.executeActions(ActionQueue.java:475)
	at org.hibernate.event.internal.AbstractFlushingEventListener.performExecutions(AbstractFlushingEventListener.java:344)
	at org.hibernate.event.internal.DefaultFlushEventListener.onFlush(DefaultFlushEventListener.java:40)
	at org.hibernate.event.service.internal.EventListenerGroupImpl.fireEventOnEachListener(EventListenerGroupImpl.java:99)
	at org.hibernate.internal.SessionImpl.doFlush(SessionImpl.java:1362)
	at org.hibernate.internal.SessionImpl.managedFlush(SessionImpl.java:453)
	at org.hibernate.internal.SessionImpl.flushBeforeTransactionCompletion(SessionImpl.java:3212)
	at org.hibernate.internal.SessionImpl.beforeTransactionCompletion(SessionImpl.java:2380)
	at org.hibernate.engine.jdbc.internal.JdbcCoordinatorImpl.beforeTransactionCompletion(JdbcCoordinatorImpl.java:448)
	at org.hibernate.resource.transaction.backend.jdbc.internal.JdbcResourceLocalTransactionCoordinatorImpl.beforeCompletionCallback(JdbcResourceLocalTransactionCoordinatorImpl.java:183)
	at org.hibernate.resource.transaction.backend.jdbc.internal.JdbcResourceLocalTransactionCoordinatorImpl.access$300(JdbcResourceLocalTransactionCoordinatorImpl.java:40)
	at org.hibernate.resource.transaction.backend.jdbc.internal.JdbcResourceLocalTransactionCoordinatorImpl$TransactionDriverControlImpl.commit(JdbcResourceLocalTransactionCoordinatorImpl.java:281)
	at org.hibernate.engine.transaction.internal.TransactionImpl.commit(TransactionImpl.java:101)
	at org.springframework.orm.jpa.JpaTransactionManager.doCommit(JpaTransactionManager.java:562)
	at org.springframework.transaction.support.AbstractPlatformTransactionManager.processCommit(AbstractPlatformTransactionManager.java:743)
	at org.springframework.transaction.support.AbstractPlatformTransactionManager.commit(AbstractPlatformTransactionManager.java:711)
	at org.springframework.transaction.interceptor.TransactionAspectSupport.commitTransactionAfterReturning(TransactionAspectSupport.java:654)
	at org.springframework.transaction.interceptor.TransactionAspectSupport.invokeWithinTransaction(TransactionAspectSupport.java:407)
	at org.springframework.transaction.interceptor.TransactionInterceptor.invoke(TransactionInterceptor.java:119)
	at org.springframework.aop.framework.ReflectiveMethodInvocation.proceed(ReflectiveMethodInvocation.java:186)
	at org.springframework.dao.support.PersistenceExceptionTranslationInterceptor.invoke(PersistenceExceptionTranslationInterceptor.java:137)
	at org.springframework.aop.framework.ReflectiveMethodInvocation.proceed(ReflectiveMethodInvocation.java:186)
	at org.springframework.data.jpa.repository.support.CrudMethodMetadataPostProcessor$CrudMethodMetadataPopulatingMethodInterceptor.invoke(CrudMethodMetadataPostProcessor.java:174)
	at org.springframework.aop.framework.ReflectiveMethodInvocation.proceed(ReflectiveMethodInvocation.java:186)
	at org.springframework.aop.interceptor.ExposeInvocationInterceptor.invoke(ExposeInvocationInterceptor.java:97)
	at org.springframework.aop.framework.ReflectiveMethodInvocation.proceed(ReflectiveMethodInvocation.java:186)
	at org.springframework.aop.framework.JdkDynamicAopProxy.invoke(JdkDynamicAopProxy.java:215)
	at jdk.proxy3/jdk.proxy3.$Proxy112.delete(Unknown Source)
	at com.cg.pizzaorder.dao.PizzaDao.deletePizza(PizzaDao.java:65)
	at com.cg.pizzaorder.controller.PizzaController.deletePizza(PizzaController.java:86)
	at java.base/jdk.internal.reflect.NativeMethodAccessorImpl.invoke0(Native Method)
	at java.base/jdk.internal.reflect.NativeMethodAccessorImpl.invoke(NativeMethodAccessorImpl.java:77)
	at java.base/jdk.internal.reflect.DelegatingMethodAccessorImpl.invoke(DelegatingMethodAccessorImpl.java:43)
	at java.base/java.lang.reflect.Method.invoke(Method.java:568)
	at org.springframework.web.method.support.InvocableHandlerMethod.doInvoke(InvocableHandlerMethod.java:197)
	at org.springframework.web.method.support.InvocableHandlerMethod.invokeForRequest(InvocableHandlerMethod.java:141)
	at org.springframework.web.servlet.mvc.method.annotation.ServletInvocableHandlerMethod.invokeAndHandle(ServletInvocableHandlerMethod.java:106)
	at org.springframework.web.servlet.mvc.method.annotation.RequestMappingHandlerAdapter.invokeHandlerMethod(RequestMappingHandlerAdapter.java:894)
	at org.springframework.web.servlet.mvc.method.annotation.RequestMappingHandlerAdapter.handleInternal(RequestMappingHandlerAdapter.java:808)
	at org.springframework.web.servlet.mvc.method.AbstractHandlerMethodAdapter.handle(AbstractHandlerMethodAdapter.java:87)
	at org.springframework.web.servlet.DispatcherServlet.doDispatch(DispatcherServlet.java:1063)
	at org.springframework.web.servlet.DispatcherServlet.doService(DispatcherServlet.java:963)
	at org.springframework.web.servlet.FrameworkServlet.processRequest(FrameworkServlet.java:1006)
	at org.springframework.web.servlet.FrameworkServlet.doDelete(FrameworkServlet.java:931)
	at javax.servlet.http.HttpServlet.service(HttpServlet.java:687)
	at org.springframework.web.servlet.FrameworkServlet.service(FrameworkServlet.java:883)
	at javax.servlet.http.HttpServlet.service(HttpServlet.java:764)
	at org.apache.catalina.core.ApplicationFilterChain.internalDoFilter(ApplicationFilterChain.java:228)
	at org.apache.catalina.core.ApplicationFilterChain.doFilter(ApplicationFilterChain.java:163)
	at org.apache.tomcat.websocket.server.WsFilter.doFilter(WsFilter.java:53)
	at org.apache.catalina.core.ApplicationFilterChain.internalDoFilter(ApplicationFilterChain.java:190)
	at org.apache.catalina.core.ApplicationFilterChain.doFilter(ApplicationFilterChain.java:163)
	at org.springframework.web.filter.RequestContextFilter.doFilterInternal(RequestContextFilter.java:100)
	at org.springframework.web.filter.OncePerRequestFilter.doFilter(OncePerRequestFilter.java:119)
	at org.apache.catalina.core.ApplicationFilterChain.internalDoFilter(ApplicationFilterChain.java:190)
	at org.apache.catalina.core.ApplicationFilterChain.doFilter(ApplicationFilterChain.java:163)
	at org.springframework.web.filter.FormContentFilter.doFilterInternal(FormContentFilter.java:93)
	at org.springframework.web.filter.OncePerRequestFilter.doFilter(OncePerRequestFilter.java:119)
	at org.apache.catalina.core.ApplicationFilterChain.internalDoFilter(ApplicationFilterChain.java:190)
	at org.apache.catalina.core.ApplicationFilterChain.doFilter(ApplicationFilterChain.java:163)
	at org.springframework.web.filter.CharacterEncodingFilter.doFilterInternal(CharacterEncodingFilter.java:201)
	at org.springframework.web.filter.OncePerRequestFilter.doFilter(OncePerRequestFilter.java:119)
	at org.apache.catalina.core.ApplicationFilterChain.internalDoFilter(ApplicationFilterChain.java:190)
	at org.apache.catalina.core.ApplicationFilterChain.doFilter(ApplicationFilterChain.java:163)
	at org.apache.catalina.core.StandardWrapperValve.invoke(StandardWrapperValve.java:202)
	at org.apache.catalina.core.StandardContextValve.invoke(StandardContextValve.java:97)
	at org.apache.catalina.authenticator.AuthenticatorBase.invoke(AuthenticatorBase.java:542)
	at org.apache.catalina.core.StandardHostValve.invoke(StandardHostValve.java:143)
	at org.apache.catalina.valves.ErrorReportValve.invoke(ErrorReportValve.java:92)
	at org.apache.catalina.core.StandardEngineValve.invoke(StandardEngineValve.java:78)
	at org.apache.catalina.connector.CoyoteAdapter.service(CoyoteAdapter.java:357)
	at org.apache.coyote.http11.Http11Processor.service(Http11Processor.java:382)
	at org.apache.coyote.AbstractProcessorLight.process(AbstractProcessorLight.java:65)
	at org.apache.coyote.AbstractProtocol$ConnectionHandler.process(AbstractProtocol.java:893)
	at org.apache.tomcat.util.net.NioEndpoint$SocketProcessor.doRun(NioEndpoint.java:1723)
	at org.apache.tomcat.util.net.SocketProcessorBase.run(SocketProcessorBase.java:49)
	at java.base/java.util.concurrent.ThreadPoolExecutor.runWorker(ThreadPoolExecutor.java:1136)
	at java.base/java.util.concurrent.ThreadPoolExecutor$Worker.run(ThreadPoolExecutor.java:635)
	at org.apache.tomcat.util.threads.TaskThread$WrappingRunnable.run(TaskThread.java:61)
	at java.base/java.lang.Thread.run(Thread.java:833)
2022-07-25 11:50:48 - Exception Processing ErrorPage[errorCode=0, location=/error]
org.apache.catalina.connector.ClientAbortException: java.io.IOException: An established connection was aborted by the software in your host machine
	at org.apache.catalina.connector.OutputBuffer.doFlush(OutputBuffer.java:310)
	at org.apache.catalina.connector.OutputBuffer.flush(OutputBuffer.java:273)
	at org.apache.catalina.connector.CoyoteOutputStream.flush(CoyoteOutputStream.java:118)
	at java.base/java.io.FilterOutputStream.flush(FilterOutputStream.java:153)
	at com.fasterxml.jackson.core.json.UTF8JsonGenerator.flush(UTF8JsonGenerator.java:1193)
	at com.fasterxml.jackson.databind.ObjectWriter.writeValue(ObjectWriter.java:1008)
	at org.springframework.http.converter.json.AbstractJackson2HttpMessageConverter.writeInternal(AbstractJackson2HttpMessageConverter.java:454)
	at org.springframework.http.converter.AbstractGenericHttpMessageConverter.write(AbstractGenericHttpMessageConverter.java:104)
	at org.springframework.web.servlet.mvc.method.annotation.AbstractMessageConverterMethodProcessor.writeWithMessageConverters(AbstractMessageConverterMethodProcessor.java:290)
	at org.springframework.web.servlet.mvc.method.annotation.HttpEntityMethodProcessor.handleReturnValue(HttpEntityMethodProcessor.java:219)
	at org.springframework.web.method.support.HandlerMethodReturnValueHandlerComposite.handleReturnValue(HandlerMethodReturnValueHandlerComposite.java:78)
	at org.springframework.web.servlet.mvc.method.annotation.ServletInvocableHandlerMethod.invokeAndHandle(ServletInvocableHandlerMethod.java:124)
	at org.springframework.web.servlet.mvc.method.annotation.RequestMappingHandlerAdapter.invokeHandlerMethod(RequestMappingHandlerAdapter.java:894)
	at org.springframework.web.servlet.mvc.method.annotation.RequestMappingHandlerAdapter.handleInternal(RequestMappingHandlerAdapter.java:808)
	at org.springframework.web.servlet.mvc.method.AbstractHandlerMethodAdapter.handle(AbstractHandlerMethodAdapter.java:87)
	at org.springframework.web.servlet.DispatcherServlet.doDispatch(DispatcherServlet.java:1063)
	at org.springframework.web.servlet.DispatcherServlet.doService(DispatcherServlet.java:963)
	at org.springframework.web.servlet.FrameworkServlet.processRequest(FrameworkServlet.java:1006)
	at org.springframework.web.servlet.FrameworkServlet.doDelete(FrameworkServlet.java:931)
	at javax.servlet.http.HttpServlet.service(HttpServlet.java:687)
	at org.springframework.web.servlet.FrameworkServlet.service(FrameworkServlet.java:883)
	at javax.servlet.http.HttpServlet.service(HttpServlet.java:764)
	at org.apache.catalina.core.ApplicationFilterChain.internalDoFilter(ApplicationFilterChain.java:228)
	at org.apache.catalina.core.ApplicationFilterChain.doFilter(ApplicationFilterChain.java:163)
	at org.springframework.web.filter.RequestContextFilter.doFilterInternal(RequestContextFilter.java:100)
	at org.springframework.web.filter.OncePerRequestFilter.doFilter(OncePerRequestFilter.java:119)
	at org.apache.catalina.core.ApplicationFilterChain.internalDoFilter(ApplicationFilterChain.java:190)
	at org.apache.catalina.core.ApplicationFilterChain.doFilter(ApplicationFilterChain.java:163)
	at org.springframework.web.filter.OncePerRequestFilter.doFilter(OncePerRequestFilter.java:103)
	at org.apache.catalina.core.ApplicationFilterChain.internalDoFilter(ApplicationFilterChain.java:190)
	at org.apache.catalina.core.ApplicationFilterChain.doFilter(ApplicationFilterChain.java:163)
	at org.springframework.web.filter.OncePerRequestFilter.doFilter(OncePerRequestFilter.java:103)
	at org.apache.catalina.core.ApplicationFilterChain.internalDoFilter(ApplicationFilterChain.java:190)
	at org.apache.catalina.core.ApplicationFilterChain.doFilter(ApplicationFilterChain.java:163)
	at org.apache.catalina.core.ApplicationDispatcher.invoke(ApplicationDispatcher.java:711)
	at org.apache.catalina.core.ApplicationDispatcher.processRequest(ApplicationDispatcher.java:461)
	at org.apache.catalina.core.ApplicationDispatcher.doForward(ApplicationDispatcher.java:385)
	at org.apache.catalina.core.ApplicationDispatcher.forward(ApplicationDispatcher.java:313)
	at org.apache.catalina.core.StandardHostValve.custom(StandardHostValve.java:398)
	at org.apache.catalina.core.StandardHostValve.status(StandardHostValve.java:257)
	at org.apache.catalina.core.StandardHostValve.throwable(StandardHostValve.java:352)
	at org.apache.catalina.core.StandardHostValve.invoke(StandardHostValve.java:177)
	at org.apache.catalina.valves.ErrorReportValve.invoke(ErrorReportValve.java:92)
	at org.apache.catalina.core.StandardEngineValve.invoke(StandardEngineValve.java:78)
	at org.apache.catalina.connector.CoyoteAdapter.service(CoyoteAdapter.java:357)
	at org.apache.coyote.http11.Http11Processor.service(Http11Processor.java:382)
	at org.apache.coyote.AbstractProcessorLight.process(AbstractProcessorLight.java:65)
	at org.apache.coyote.AbstractProtocol$ConnectionHandler.process(AbstractProtocol.java:893)
	at org.apache.tomcat.util.net.NioEndpoint$SocketProcessor.doRun(NioEndpoint.java:1723)
	at org.apache.tomcat.util.net.SocketProcessorBase.run(SocketProcessorBase.java:49)
	at java.base/java.util.concurrent.ThreadPoolExecutor.runWorker(ThreadPoolExecutor.java:1136)
	at java.base/java.util.concurrent.ThreadPoolExecutor$Worker.run(ThreadPoolExecutor.java:635)
	at org.apache.tomcat.util.threads.TaskThread$WrappingRunnable.run(TaskThread.java:61)
	at java.base/java.lang.Thread.run(Thread.java:833)
Caused by: java.io.IOException: An established connection was aborted by the software in your host machine
	at java.base/sun.nio.ch.SocketDispatcher.write0(Native Method)
	at java.base/sun.nio.ch.SocketDispatcher.write(SocketDispatcher.java:54)
	at java.base/sun.nio.ch.IOUtil.writeFromNativeBuffer(IOUtil.java:132)
	at java.base/sun.nio.ch.IOUtil.write(IOUtil.java:97)
	at java.base/sun.nio.ch.IOUtil.write(IOUtil.java:53)
	at java.base/sun.nio.ch.SocketChannelImpl.write(SocketChannelImpl.java:532)
	at org.apache.tomcat.util.net.NioChannel.write(NioChannel.java:135)
	at org.apache.tomcat.util.net.NioEndpoint$NioSocketWrapper.doWrite(NioEndpoint.java:1364)
	at org.apache.tomcat.util.net.SocketWrapperBase.doWrite(SocketWrapperBase.java:766)
	at org.apache.tomcat.util.net.SocketWrapperBase.flushBlocking(SocketWrapperBase.java:719)
	at org.apache.tomcat.util.net.SocketWrapperBase.flush(SocketWrapperBase.java:709)
	at org.apache.coyote.http11.Http11OutputBuffer$SocketOutputBuffer.flush(Http11OutputBuffer.java:573)
	at org.apache.coyote.http11.filters.ChunkedOutputFilter.flush(ChunkedOutputFilter.java:157)
	at org.apache.coyote.http11.Http11OutputBuffer.flush(Http11OutputBuffer.java:221)
	at org.apache.coyote.http11.Http11Processor.flush(Http11Processor.java:1205)
	at org.apache.coyote.AbstractProcessor.action(AbstractProcessor.java:402)
	at org.apache.coyote.Response.action(Response.java:209)
	at org.apache.catalina.connector.OutputBuffer.doFlush(OutputBuffer.java:306)
	... 53 common frames omitted
2022-07-25 11:50:49 - Fetched The Pizza Details
2022-07-25 11:50:49 - 43 Corn Pozza Crunch flavoured corns Veg 150.0100.0
2022-07-25 11:50:49 - 46 Chicken Pizza Crunch flavoured Chicken Non Veg 250.0150.0
2022-07-25 11:50:56 - Fetched The Pizza Details
2022-07-25 11:50:56 - 43 Corn Pozza Crunch flavoured corns Veg 150.0100.0
2022-07-25 11:50:56 - 46 Chicken Pizza Crunch flavoured Chicken Non Veg 250.0150.0
2022-07-25 11:51:23 - Deleted The Pizza Details based on id
2022-07-25 11:51:23 - SQL Error: 0, SQLState: 23503
2022-07-25 11:51:23 - ERROR: update or delete on table "pizza_table" violates foreign key constraint "fk2id4slxjn1os7yrj53wu9hkiy" on table "pizza_order_table"
  Detail: Key (pizza_id)=(43) is still referenced from table "pizza_order_table".
2022-07-25 11:51:23 - HHH000010: On release of batch it still contained JDBC statements
2022-07-25 11:51:23 - Servlet.service() for servlet [dispatcherServlet] in context with path [] threw exception [Request processing failed; nested exception is org.springframework.dao.DataIntegrityViolationException: could not execute statement; SQL [n/a]; constraint [fk2id4slxjn1os7yrj53wu9hkiy]; nested exception is org.hibernate.exception.ConstraintViolationException: could not execute statement] with root cause
org.postgresql.util.PSQLException: ERROR: update or delete on table "pizza_table" violates foreign key constraint "fk2id4slxjn1os7yrj53wu9hkiy" on table "pizza_order_table"
  Detail: Key (pizza_id)=(43) is still referenced from table "pizza_order_table".
	at org.postgresql.core.v3.QueryExecutorImpl.receiveErrorResponse(QueryExecutorImpl.java:2552)
	at org.postgresql.core.v3.QueryExecutorImpl.processResults(QueryExecutorImpl.java:2284)
	at org.postgresql.core.v3.QueryExecutorImpl.execute(QueryExecutorImpl.java:322)
	at org.postgresql.jdbc.PgStatement.executeInternal(PgStatement.java:481)
	at org.postgresql.jdbc.PgStatement.execute(PgStatement.java:401)
	at org.postgresql.jdbc.PgPreparedStatement.executeWithFlags(PgPreparedStatement.java:164)
	at org.postgresql.jdbc.PgPreparedStatement.executeUpdate(PgPreparedStatement.java:130)
	at com.zaxxer.hikari.pool.ProxyPreparedStatement.executeUpdate(ProxyPreparedStatement.java:61)
	at com.zaxxer.hikari.pool.HikariProxyPreparedStatement.executeUpdate(HikariProxyPreparedStatement.java)
	at org.hibernate.engine.jdbc.internal.ResultSetReturnImpl.executeUpdate(ResultSetReturnImpl.java:197)
	at org.hibernate.engine.jdbc.batch.internal.NonBatchingBatch.addToBatch(NonBatchingBatch.java:46)
	at org.hibernate.persister.entity.AbstractEntityPersister.delete(AbstractEntityPersister.java:3615)
	at org.hibernate.persister.entity.AbstractEntityPersister.delete(AbstractEntityPersister.java:3875)
	at org.hibernate.action.internal.EntityDeleteAction.execute(EntityDeleteAction.java:123)
	at org.hibernate.engine.spi.ActionQueue.executeActions(ActionQueue.java:604)
	at org.hibernate.engine.spi.ActionQueue.lambda$executeActions$1(ActionQueue.java:478)
	at java.base/java.util.LinkedHashMap.forEach(LinkedHashMap.java:721)
	at org.hibernate.engine.spi.ActionQueue.executeActions(ActionQueue.java:475)
	at org.hibernate.event.internal.AbstractFlushingEventListener.performExecutions(AbstractFlushingEventListener.java:344)
	at org.hibernate.event.internal.DefaultFlushEventListener.onFlush(DefaultFlushEventListener.java:40)
	at org.hibernate.event.service.internal.EventListenerGroupImpl.fireEventOnEachListener(EventListenerGroupImpl.java:99)
	at org.hibernate.internal.SessionImpl.doFlush(SessionImpl.java:1362)
	at org.hibernate.internal.SessionImpl.managedFlush(SessionImpl.java:453)
	at org.hibernate.internal.SessionImpl.flushBeforeTransactionCompletion(SessionImpl.java:3212)
	at org.hibernate.internal.SessionImpl.beforeTransactionCompletion(SessionImpl.java:2380)
	at org.hibernate.engine.jdbc.internal.JdbcCoordinatorImpl.beforeTransactionCompletion(JdbcCoordinatorImpl.java:448)
	at org.hibernate.resource.transaction.backend.jdbc.internal.JdbcResourceLocalTransactionCoordinatorImpl.beforeCompletionCallback(JdbcResourceLocalTransactionCoordinatorImpl.java:183)
	at org.hibernate.resource.transaction.backend.jdbc.internal.JdbcResourceLocalTransactionCoordinatorImpl.access$300(JdbcResourceLocalTransactionCoordinatorImpl.java:40)
	at org.hibernate.resource.transaction.backend.jdbc.internal.JdbcResourceLocalTransactionCoordinatorImpl$TransactionDriverControlImpl.commit(JdbcResourceLocalTransactionCoordinatorImpl.java:281)
	at org.hibernate.engine.transaction.internal.TransactionImpl.commit(TransactionImpl.java:101)
	at org.springframework.orm.jpa.JpaTransactionManager.doCommit(JpaTransactionManager.java:562)
	at org.springframework.transaction.support.AbstractPlatformTransactionManager.processCommit(AbstractPlatformTransactionManager.java:743)
	at org.springframework.transaction.support.AbstractPlatformTransactionManager.commit(AbstractPlatformTransactionManager.java:711)
	at org.springframework.transaction.interceptor.TransactionAspectSupport.commitTransactionAfterReturning(TransactionAspectSupport.java:654)
	at org.springframework.transaction.interceptor.TransactionAspectSupport.invokeWithinTransaction(TransactionAspectSupport.java:407)
	at org.springframework.transaction.interceptor.TransactionInterceptor.invoke(TransactionInterceptor.java:119)
	at org.springframework.aop.framework.ReflectiveMethodInvocation.proceed(ReflectiveMethodInvocation.java:186)
	at org.springframework.dao.support.PersistenceExceptionTranslationInterceptor.invoke(PersistenceExceptionTranslationInterceptor.java:137)
	at org.springframework.aop.framework.ReflectiveMethodInvocation.proceed(ReflectiveMethodInvocation.java:186)
	at org.springframework.data.jpa.repository.support.CrudMethodMetadataPostProcessor$CrudMethodMetadataPopulatingMethodInterceptor.invoke(CrudMethodMetadataPostProcessor.java:174)
	at org.springframework.aop.framework.ReflectiveMethodInvocation.proceed(ReflectiveMethodInvocation.java:186)
	at org.springframework.aop.interceptor.ExposeInvocationInterceptor.invoke(ExposeInvocationInterceptor.java:97)
	at org.springframework.aop.framework.ReflectiveMethodInvocation.proceed(ReflectiveMethodInvocation.java:186)
	at org.springframework.aop.framework.JdkDynamicAopProxy.invoke(JdkDynamicAopProxy.java:215)
	at jdk.proxy3/jdk.proxy3.$Proxy112.delete(Unknown Source)
	at com.cg.pizzaorder.dao.PizzaDao.deletePizza(PizzaDao.java:65)
	at com.cg.pizzaorder.controller.PizzaController.deletePizza(PizzaController.java:86)
	at java.base/jdk.internal.reflect.NativeMethodAccessorImpl.invoke0(Native Method)
	at java.base/jdk.internal.reflect.NativeMethodAccessorImpl.invoke(NativeMethodAccessorImpl.java:77)
	at java.base/jdk.internal.reflect.DelegatingMethodAccessorImpl.invoke(DelegatingMethodAccessorImpl.java:43)
	at java.base/java.lang.reflect.Method.invoke(Method.java:568)
	at org.springframework.web.method.support.InvocableHandlerMethod.doInvoke(InvocableHandlerMethod.java:197)
	at org.springframework.web.method.support.InvocableHandlerMethod.invokeForRequest(InvocableHandlerMethod.java:141)
	at org.springframework.web.servlet.mvc.method.annotation.ServletInvocableHandlerMethod.invokeAndHandle(ServletInvocableHandlerMethod.java:106)
	at org.springframework.web.servlet.mvc.method.annotation.RequestMappingHandlerAdapter.invokeHandlerMethod(RequestMappingHandlerAdapter.java:894)
	at org.springframework.web.servlet.mvc.method.annotation.RequestMappingHandlerAdapter.handleInternal(RequestMappingHandlerAdapter.java:808)
	at org.springframework.web.servlet.mvc.method.AbstractHandlerMethodAdapter.handle(AbstractHandlerMethodAdapter.java:87)
	at org.springframework.web.servlet.DispatcherServlet.doDispatch(DispatcherServlet.java:1063)
	at org.springframework.web.servlet.DispatcherServlet.doService(DispatcherServlet.java:963)
	at org.springframework.web.servlet.FrameworkServlet.processRequest(FrameworkServlet.java:1006)
	at org.springframework.web.servlet.FrameworkServlet.doDelete(FrameworkServlet.java:931)
	at javax.servlet.http.HttpServlet.service(HttpServlet.java:687)
	at org.springframework.web.servlet.FrameworkServlet.service(FrameworkServlet.java:883)
	at javax.servlet.http.HttpServlet.service(HttpServlet.java:764)
	at org.apache.catalina.core.ApplicationFilterChain.internalDoFilter(ApplicationFilterChain.java:228)
	at org.apache.catalina.core.ApplicationFilterChain.doFilter(ApplicationFilterChain.java:163)
	at org.apache.tomcat.websocket.server.WsFilter.doFilter(WsFilter.java:53)
	at org.apache.catalina.core.ApplicationFilterChain.internalDoFilter(ApplicationFilterChain.java:190)
	at org.apache.catalina.core.ApplicationFilterChain.doFilter(ApplicationFilterChain.java:163)
	at org.springframework.web.filter.RequestContextFilter.doFilterInternal(RequestContextFilter.java:100)
	at org.springframework.web.filter.OncePerRequestFilter.doFilter(OncePerRequestFilter.java:119)
	at org.apache.catalina.core.ApplicationFilterChain.internalDoFilter(ApplicationFilterChain.java:190)
	at org.apache.catalina.core.ApplicationFilterChain.doFilter(ApplicationFilterChain.java:163)
	at org.springframework.web.filter.FormContentFilter.doFilterInternal(FormContentFilter.java:93)
	at org.springframework.web.filter.OncePerRequestFilter.doFilter(OncePerRequestFilter.java:119)
	at org.apache.catalina.core.ApplicationFilterChain.internalDoFilter(ApplicationFilterChain.java:190)
	at org.apache.catalina.core.ApplicationFilterChain.doFilter(ApplicationFilterChain.java:163)
	at org.springframework.web.filter.CharacterEncodingFilter.doFilterInternal(CharacterEncodingFilter.java:201)
	at org.springframework.web.filter.OncePerRequestFilter.doFilter(OncePerRequestFilter.java:119)
	at org.apache.catalina.core.ApplicationFilterChain.internalDoFilter(ApplicationFilterChain.java:190)
	at org.apache.catalina.core.ApplicationFilterChain.doFilter(ApplicationFilterChain.java:163)
	at org.apache.catalina.core.StandardWrapperValve.invoke(StandardWrapperValve.java:202)
	at org.apache.catalina.core.StandardContextValve.invoke(StandardContextValve.java:97)
	at org.apache.catalina.authenticator.AuthenticatorBase.invoke(AuthenticatorBase.java:542)
	at org.apache.catalina.core.StandardHostValve.invoke(StandardHostValve.java:143)
	at org.apache.catalina.valves.ErrorReportValve.invoke(ErrorReportValve.java:92)
	at org.apache.catalina.core.StandardEngineValve.invoke(StandardEngineValve.java:78)
	at org.apache.catalina.connector.CoyoteAdapter.service(CoyoteAdapter.java:357)
	at org.apache.coyote.http11.Http11Processor.service(Http11Processor.java:382)
	at org.apache.coyote.AbstractProcessorLight.process(AbstractProcessorLight.java:65)
	at org.apache.coyote.AbstractProtocol$ConnectionHandler.process(AbstractProtocol.java:893)
	at org.apache.tomcat.util.net.NioEndpoint$SocketProcessor.doRun(NioEndpoint.java:1723)
	at org.apache.tomcat.util.net.SocketProcessorBase.run(SocketProcessorBase.java:49)
	at java.base/java.util.concurrent.ThreadPoolExecutor.runWorker(ThreadPoolExecutor.java:1136)
	at java.base/java.util.concurrent.ThreadPoolExecutor$Worker.run(ThreadPoolExecutor.java:635)
	at org.apache.tomcat.util.threads.TaskThread$WrappingRunnable.run(TaskThread.java:61)
	at java.base/java.lang.Thread.run(Thread.java:833)
2022-07-25 11:51:46 - Fetched The Pizza Details
2022-07-25 11:51:46 - 43 Corn Pozza Crunch flavoured corns Veg 150.0100.0
2022-07-25 11:51:46 - 46 Chicken Pizza Crunch flavoured Chicken Non Veg 250.0150.0
2022-07-25 11:51:49 - Deleted The Pizza Details based on id
2022-07-25 11:51:49 - SQL Error: 0, SQLState: 23503
2022-07-25 11:51:49 - ERROR: update or delete on table "pizza_table" violates foreign key constraint "fk2id4slxjn1os7yrj53wu9hkiy" on table "pizza_order_table"
  Detail: Key (pizza_id)=(43) is still referenced from table "pizza_order_table".
2022-07-25 11:51:49 - HHH000010: On release of batch it still contained JDBC statements
2022-07-25 11:51:49 - Servlet.service() for servlet [dispatcherServlet] in context with path [] threw exception [Request processing failed; nested exception is org.springframework.dao.DataIntegrityViolationException: could not execute statement; SQL [n/a]; constraint [fk2id4slxjn1os7yrj53wu9hkiy]; nested exception is org.hibernate.exception.ConstraintViolationException: could not execute statement] with root cause
org.postgresql.util.PSQLException: ERROR: update or delete on table "pizza_table" violates foreign key constraint "fk2id4slxjn1os7yrj53wu9hkiy" on table "pizza_order_table"
  Detail: Key (pizza_id)=(43) is still referenced from table "pizza_order_table".
	at org.postgresql.core.v3.QueryExecutorImpl.receiveErrorResponse(QueryExecutorImpl.java:2552)
	at org.postgresql.core.v3.QueryExecutorImpl.processResults(QueryExecutorImpl.java:2284)
	at org.postgresql.core.v3.QueryExecutorImpl.execute(QueryExecutorImpl.java:322)
	at org.postgresql.jdbc.PgStatement.executeInternal(PgStatement.java:481)
	at org.postgresql.jdbc.PgStatement.execute(PgStatement.java:401)
	at org.postgresql.jdbc.PgPreparedStatement.executeWithFlags(PgPreparedStatement.java:164)
	at org.postgresql.jdbc.PgPreparedStatement.executeUpdate(PgPreparedStatement.java:130)
	at com.zaxxer.hikari.pool.ProxyPreparedStatement.executeUpdate(ProxyPreparedStatement.java:61)
	at com.zaxxer.hikari.pool.HikariProxyPreparedStatement.executeUpdate(HikariProxyPreparedStatement.java)
	at org.hibernate.engine.jdbc.internal.ResultSetReturnImpl.executeUpdate(ResultSetReturnImpl.java:197)
	at org.hibernate.engine.jdbc.batch.internal.NonBatchingBatch.addToBatch(NonBatchingBatch.java:46)
	at org.hibernate.persister.entity.AbstractEntityPersister.delete(AbstractEntityPersister.java:3615)
	at org.hibernate.persister.entity.AbstractEntityPersister.delete(AbstractEntityPersister.java:3875)
	at org.hibernate.action.internal.EntityDeleteAction.execute(EntityDeleteAction.java:123)
	at org.hibernate.engine.spi.ActionQueue.executeActions(ActionQueue.java:604)
	at org.hibernate.engine.spi.ActionQueue.lambda$executeActions$1(ActionQueue.java:478)
	at java.base/java.util.LinkedHashMap.forEach(LinkedHashMap.java:721)
	at org.hibernate.engine.spi.ActionQueue.executeActions(ActionQueue.java:475)
	at org.hibernate.event.internal.AbstractFlushingEventListener.performExecutions(AbstractFlushingEventListener.java:344)
	at org.hibernate.event.internal.DefaultFlushEventListener.onFlush(DefaultFlushEventListener.java:40)
	at org.hibernate.event.service.internal.EventListenerGroupImpl.fireEventOnEachListener(EventListenerGroupImpl.java:99)
	at org.hibernate.internal.SessionImpl.doFlush(SessionImpl.java:1362)
	at org.hibernate.internal.SessionImpl.managedFlush(SessionImpl.java:453)
	at org.hibernate.internal.SessionImpl.flushBeforeTransactionCompletion(SessionImpl.java:3212)
	at org.hibernate.internal.SessionImpl.beforeTransactionCompletion(SessionImpl.java:2380)
	at org.hibernate.engine.jdbc.internal.JdbcCoordinatorImpl.beforeTransactionCompletion(JdbcCoordinatorImpl.java:448)
	at org.hibernate.resource.transaction.backend.jdbc.internal.JdbcResourceLocalTransactionCoordinatorImpl.beforeCompletionCallback(JdbcResourceLocalTransactionCoordinatorImpl.java:183)
	at org.hibernate.resource.transaction.backend.jdbc.internal.JdbcResourceLocalTransactionCoordinatorImpl.access$300(JdbcResourceLocalTransactionCoordinatorImpl.java:40)
	at org.hibernate.resource.transaction.backend.jdbc.internal.JdbcResourceLocalTransactionCoordinatorImpl$TransactionDriverControlImpl.commit(JdbcResourceLocalTransactionCoordinatorImpl.java:281)
	at org.hibernate.engine.transaction.internal.TransactionImpl.commit(TransactionImpl.java:101)
	at org.springframework.orm.jpa.JpaTransactionManager.doCommit(JpaTransactionManager.java:562)
	at org.springframework.transaction.support.AbstractPlatformTransactionManager.processCommit(AbstractPlatformTransactionManager.java:743)
	at org.springframework.transaction.support.AbstractPlatformTransactionManager.commit(AbstractPlatformTransactionManager.java:711)
	at org.springframework.transaction.interceptor.TransactionAspectSupport.commitTransactionAfterReturning(TransactionAspectSupport.java:654)
	at org.springframework.transaction.interceptor.TransactionAspectSupport.invokeWithinTransaction(TransactionAspectSupport.java:407)
	at org.springframework.transaction.interceptor.TransactionInterceptor.invoke(TransactionInterceptor.java:119)
	at org.springframework.aop.framework.ReflectiveMethodInvocation.proceed(ReflectiveMethodInvocation.java:186)
	at org.springframework.dao.support.PersistenceExceptionTranslationInterceptor.invoke(PersistenceExceptionTranslationInterceptor.java:137)
	at org.springframework.aop.framework.ReflectiveMethodInvocation.proceed(ReflectiveMethodInvocation.java:186)
	at org.springframework.data.jpa.repository.support.CrudMethodMetadataPostProcessor$CrudMethodMetadataPopulatingMethodInterceptor.invoke(CrudMethodMetadataPostProcessor.java:174)
	at org.springframework.aop.framework.ReflectiveMethodInvocation.proceed(ReflectiveMethodInvocation.java:186)
	at org.springframework.aop.interceptor.ExposeInvocationInterceptor.invoke(ExposeInvocationInterceptor.java:97)
	at org.springframework.aop.framework.ReflectiveMethodInvocation.proceed(ReflectiveMethodInvocation.java:186)
	at org.springframework.aop.framework.JdkDynamicAopProxy.invoke(JdkDynamicAopProxy.java:215)
	at jdk.proxy3/jdk.proxy3.$Proxy112.delete(Unknown Source)
	at com.cg.pizzaorder.dao.PizzaDao.deletePizza(PizzaDao.java:65)
	at com.cg.pizzaorder.controller.PizzaController.deletePizza(PizzaController.java:86)
	at java.base/jdk.internal.reflect.NativeMethodAccessorImpl.invoke0(Native Method)
	at java.base/jdk.internal.reflect.NativeMethodAccessorImpl.invoke(NativeMethodAccessorImpl.java:77)
	at java.base/jdk.internal.reflect.DelegatingMethodAccessorImpl.invoke(DelegatingMethodAccessorImpl.java:43)
	at java.base/java.lang.reflect.Method.invoke(Method.java:568)
	at org.springframework.web.method.support.InvocableHandlerMethod.doInvoke(InvocableHandlerMethod.java:197)
	at org.springframework.web.method.support.InvocableHandlerMethod.invokeForRequest(InvocableHandlerMethod.java:141)
	at org.springframework.web.servlet.mvc.method.annotation.ServletInvocableHandlerMethod.invokeAndHandle(ServletInvocableHandlerMethod.java:106)
	at org.springframework.web.servlet.mvc.method.annotation.RequestMappingHandlerAdapter.invokeHandlerMethod(RequestMappingHandlerAdapter.java:894)
	at org.springframework.web.servlet.mvc.method.annotation.RequestMappingHandlerAdapter.handleInternal(RequestMappingHandlerAdapter.java:808)
	at org.springframework.web.servlet.mvc.method.AbstractHandlerMethodAdapter.handle(AbstractHandlerMethodAdapter.java:87)
	at org.springframework.web.servlet.DispatcherServlet.doDispatch(DispatcherServlet.java:1063)
	at org.springframework.web.servlet.DispatcherServlet.doService(DispatcherServlet.java:963)
	at org.springframework.web.servlet.FrameworkServlet.processRequest(FrameworkServlet.java:1006)
	at org.springframework.web.servlet.FrameworkServlet.doDelete(FrameworkServlet.java:931)
	at javax.servlet.http.HttpServlet.service(HttpServlet.java:687)
	at org.springframework.web.servlet.FrameworkServlet.service(FrameworkServlet.java:883)
	at javax.servlet.http.HttpServlet.service(HttpServlet.java:764)
	at org.apache.catalina.core.ApplicationFilterChain.internalDoFilter(ApplicationFilterChain.java:228)
	at org.apache.catalina.core.ApplicationFilterChain.doFilter(ApplicationFilterChain.java:163)
	at org.apache.tomcat.websocket.server.WsFilter.doFilter(WsFilter.java:53)
	at org.apache.catalina.core.ApplicationFilterChain.internalDoFilter(ApplicationFilterChain.java:190)
	at org.apache.catalina.core.ApplicationFilterChain.doFilter(ApplicationFilterChain.java:163)
	at org.springframework.web.filter.RequestContextFilter.doFilterInternal(RequestContextFilter.java:100)
	at org.springframework.web.filter.OncePerRequestFilter.doFilter(OncePerRequestFilter.java:119)
	at org.apache.catalina.core.ApplicationFilterChain.internalDoFilter(ApplicationFilterChain.java:190)
	at org.apache.catalina.core.ApplicationFilterChain.doFilter(ApplicationFilterChain.java:163)
	at org.springframework.web.filter.FormContentFilter.doFilterInternal(FormContentFilter.java:93)
	at org.springframework.web.filter.OncePerRequestFilter.doFilter(OncePerRequestFilter.java:119)
	at org.apache.catalina.core.ApplicationFilterChain.internalDoFilter(ApplicationFilterChain.java:190)
	at org.apache.catalina.core.ApplicationFilterChain.doFilter(ApplicationFilterChain.java:163)
	at org.springframework.web.filter.CharacterEncodingFilter.doFilterInternal(CharacterEncodingFilter.java:201)
	at org.springframework.web.filter.OncePerRequestFilter.doFilter(OncePerRequestFilter.java:119)
	at org.apache.catalina.core.ApplicationFilterChain.internalDoFilter(ApplicationFilterChain.java:190)
	at org.apache.catalina.core.ApplicationFilterChain.doFilter(ApplicationFilterChain.java:163)
	at org.apache.catalina.core.StandardWrapperValve.invoke(StandardWrapperValve.java:202)
	at org.apache.catalina.core.StandardContextValve.invoke(StandardContextValve.java:97)
	at org.apache.catalina.authenticator.AuthenticatorBase.invoke(AuthenticatorBase.java:542)
	at org.apache.catalina.core.StandardHostValve.invoke(StandardHostValve.java:143)
	at org.apache.catalina.valves.ErrorReportValve.invoke(ErrorReportValve.java:92)
	at org.apache.catalina.core.StandardEngineValve.invoke(StandardEngineValve.java:78)
	at org.apache.catalina.connector.CoyoteAdapter.service(CoyoteAdapter.java:357)
	at org.apache.coyote.http11.Http11Processor.service(Http11Processor.java:382)
	at org.apache.coyote.AbstractProcessorLight.process(AbstractProcessorLight.java:65)
	at org.apache.coyote.AbstractProtocol$ConnectionHandler.process(AbstractProtocol.java:893)
	at org.apache.tomcat.util.net.NioEndpoint$SocketProcessor.doRun(NioEndpoint.java:1723)
	at org.apache.tomcat.util.net.SocketProcessorBase.run(SocketProcessorBase.java:49)
	at java.base/java.util.concurrent.ThreadPoolExecutor.runWorker(ThreadPoolExecutor.java:1136)
	at java.base/java.util.concurrent.ThreadPoolExecutor$Worker.run(ThreadPoolExecutor.java:635)
	at org.apache.tomcat.util.threads.TaskThread$WrappingRunnable.run(TaskThread.java:61)
	at java.base/java.lang.Thread.run(Thread.java:833)
2022-07-25 11:53:50 - Fetched The Pizza Details
2022-07-25 11:53:50 - 43 Corn Pozza Crunch flavoured corns Veg 150.0100.0
2022-07-25 11:53:50 - 46 Chicken Pizza Crunch flavoured Chicken Non Veg 250.0150.0
2022-07-25 12:04:36 - Resolved [org.springframework.web.method.annotation.MethodArgumentTypeMismatchException: Failed to convert value of type 'java.lang.String' to required type 'int'; nested exception is java.lang.NumberFormatException: For input string: "undefined"]
2022-07-25 12:13:24 - Fetched The Pizza Details
2022-07-25 12:13:24 - 43 Corn Pozza Crunch flavoured corns Veg 150.0100.0
2022-07-25 12:13:24 - 46 Chicken Pizza Crunch flavoured Chicken Non Veg 250.0150.0
2022-07-25 12:24:37 - Fetched The Pizza Details
2022-07-25 12:24:37 - Fetched The Coupon
2022-07-25 12:24:37 - 43 Corn Pozza Crunch flavoured corns Veg 150.0100.0
2022-07-25 12:24:37 - 46 Chicken Pizza Crunch flavoured Chicken Non Veg 250.0150.0
2022-07-25 12:24:37 - 47 WELCOME 50% offer First User Offer 123
2022-07-25 12:24:37 - 52 WEEKEND OFFER 30%Off WeekOff 1234
2022-07-25 12:24:53 - Fetched The Pizza Details
2022-07-25 12:24:53 - Fetched The Coupon
2022-07-25 12:24:53 - 47 WELCOME 50% offer First User Offer 123
2022-07-25 12:24:53 - 43 Corn Pozza Crunch flavoured corns Veg 150.0100.0
2022-07-25 12:24:53 - 52 WEEKEND OFFER 30%Off WeekOff 1234
2022-07-25 12:24:53 - 46 Chicken Pizza Crunch flavoured Chicken Non Veg 250.0150.0
2022-07-25 12:25:17 - PizzaOrder added successfully
2022-07-25 12:25:17 - PizzaOrder is Created
2022-07-25 12:29:25 - Resolved [org.springframework.web.method.annotation.MethodArgumentTypeMismatchException: Failed to convert value of type 'java.lang.String' to required type 'int'; nested exception is java.lang.NumberFormatException: For input string: "undefined"]
2022-07-25 12:31:29 - Resolved [org.springframework.web.method.annotation.MethodArgumentTypeMismatchException: Failed to convert value of type 'java.lang.String' to required type 'int'; nested exception is java.lang.NumberFormatException: For input string: "undefined"]
2022-07-25 14:22:45 - Resolved [org.springframework.web.method.annotation.MethodArgumentTypeMismatchException: Failed to convert value of type 'java.lang.String' to required type 'int'; nested exception is java.lang.NumberFormatException: For input string: "undefined"]
2022-07-25 14:40:38 - Resolved [org.springframework.web.method.annotation.MethodArgumentTypeMismatchException: Failed to convert value of type 'java.lang.String' to required type 'int'; nested exception is java.lang.NumberFormatException: For input string: "undefined"]
2022-07-25 14:55:38 - Fetched The Coupon
2022-07-25 14:55:38 - Fetched The Pizza Details
2022-07-25 14:55:38 - 47 WELCOME 50% offer First User Offer 123
2022-07-25 14:55:38 - 43 Corn Pozza Crunch flavoured corns Veg 150.0100.0
2022-07-25 14:55:38 - 52 WEEKEND OFFER 30%Off WeekOff 1234
2022-07-25 14:55:38 - 46 Chicken Pizza Crunch flavoured Chicken Non Veg 250.0150.0
2022-07-25 14:56:32 - Fetched The Pizza Details
2022-07-25 14:56:32 - 43 Corn Pozza Crunch flavoured corns Veg 150.0100.0
2022-07-25 14:56:32 - 46 Chicken Pizza Crunch flavoured Chicken Non Veg 250.0150.0
2022-07-25 14:56:32 - Fetched The Pizza Details
2022-07-25 14:56:32 - 43 Corn Pozza Crunch flavoured corns Veg 150.0100.0
2022-07-25 14:56:32 - 46 Chicken Pizza Crunch flavoured Chicken Non Veg 250.0150.0
2022-07-25 15:07:40 - Pizza added successfully
2022-07-25 15:07:40 - Pizza is Created
2022-07-25 15:11:19 - Fetched The Pizza Details
2022-07-25 15:11:19 - 43 Corn Pozza Crunch flavoured corns Veg 150.0100.0
2022-07-25 15:11:19 - 46 Chicken Pizza Crunch flavoured Chicken Non Veg 250.0150.0
2022-07-25 15:11:19 - 63 Paneer Pizza paneer Mayonise flavoured pizza Veg 250.0200.0
2022-07-25 15:11:30 - Fetched The Pizza Details
2022-07-25 15:11:30 - 43 Corn Pozza Crunch flavoured corns Veg 150.0100.0
2022-07-25 15:11:30 - 46 Chicken Pizza Crunch flavoured Chicken Non Veg 250.0150.0
2022-07-25 15:11:30 - 63 Paneer Pizza paneer Mayonise flavoured pizza Veg 250.0200.0
2022-07-25 15:11:40 - Fetched The Pizza Details
2022-07-25 15:11:40 - 43 Corn Pozza Crunch flavoured corns Veg 150.0100.0
2022-07-25 15:11:40 - 46 Chicken Pizza Crunch flavoured Chicken Non Veg 250.0150.0
2022-07-25 15:11:40 - 63 Paneer Pizza paneer Mayonise flavoured pizza Veg 250.0200.0
2022-07-25 15:13:14 - Fetched The Pizza Details
2022-07-25 15:13:14 - 43 Corn Pozza Crunch flavoured corns Veg 150.0100.0
2022-07-25 15:13:14 - 46 Chicken Pizza Crunch flavoured Chicken Non Veg 250.0150.0
2022-07-25 15:13:14 - 63 Paneer Pizza paneer Mayonise flavoured pizza Veg 250.0200.0
2022-07-25 15:15:21 - Fetched The Pizza Details
2022-07-25 15:15:21 - 43 Corn Pozza Crunch flavoured corns Veg 150.0100.0
2022-07-25 15:15:21 - 46 Chicken Pizza Crunch flavoured Chicken Non Veg 250.0150.0
2022-07-25 15:15:21 - 63 Paneer Pizza paneer Mayonise flavoured pizza Veg 250.0200.0
2022-07-25 15:15:58 - Fetched The Pizza Details
2022-07-25 15:15:58 - 43 Corn Pozza Crunch flavoured corns Veg 150.0100.0
2022-07-25 15:15:58 - 46 Chicken Pizza Crunch flavoured Chicken Non Veg 250.0150.0
2022-07-25 15:15:58 - 63 Paneer Pizza paneer Mayonise flavoured pizza Veg 250.0200.0
2022-07-25 15:16:05 - Fetched The Pizza Details
2022-07-25 15:16:05 - 43 Corn Pozza Crunch flavoured corns Veg 150.0100.0
2022-07-25 15:16:05 - 46 Chicken Pizza Crunch flavoured Chicken Non Veg 250.0150.0
2022-07-25 15:16:05 - 63 Paneer Pizza paneer Mayonise flavoured pizza Veg 250.0200.0
2022-07-25 15:16:14 - Fetched The Pizza Details
2022-07-25 15:16:14 - 43 Corn Pozza Crunch flavoured corns Veg 150.0100.0
2022-07-25 15:16:14 - 46 Chicken Pizza Crunch flavoured Chicken Non Veg 250.0150.0
2022-07-25 15:16:14 - 63 Paneer Pizza paneer Mayonise flavoured pizza Veg 250.0200.0
2022-07-25 15:17:15 - Fetched The Pizza Details
2022-07-25 15:17:15 - 43 Corn Pozza Crunch flavoured corns Veg 150.0100.0
2022-07-25 15:17:15 - 46 Chicken Pizza Crunch flavoured Chicken Non Veg 250.0150.0
2022-07-25 15:17:15 - 63 Paneer Pizza paneer Mayonise flavoured pizza Veg 250.0200.0
2022-07-25 15:17:38 - Fetched The Pizza Details
2022-07-25 15:17:38 - 43 Corn Pozza Crunch flavoured corns Veg 150.0100.0
2022-07-25 15:17:38 - 46 Chicken Pizza Crunch flavoured Chicken Non Veg 250.0150.0
2022-07-25 15:17:38 - 63 Paneer Pizza paneer Mayonise flavoured pizza Veg 250.0200.0
2022-07-25 15:18:45 - Fetched The Pizza Details
2022-07-25 15:18:45 - 43 Corn Pozza Crunch flavoured corns Veg 150.0100.0
2022-07-25 15:18:45 - 46 Chicken Pizza Crunch flavoured Chicken Non Veg 250.0150.0
2022-07-25 15:18:45 - 63 Paneer Pizza paneer Mayonise flavoured pizza Veg 250.0200.0
2022-07-25 15:19:01 - Fetched The Pizza Details
2022-07-25 15:19:01 - 43 Corn Pozza Crunch flavoured corns Veg 150.0100.0
2022-07-25 15:19:01 - 46 Chicken Pizza Crunch flavoured Chicken Non Veg 250.0150.0
2022-07-25 15:19:01 - 63 Paneer Pizza paneer Mayonise flavoured pizza Veg 250.0200.0
2022-07-25 15:19:07 - Fetched The Pizza Details
2022-07-25 15:19:07 - 43 Corn Pozza Crunch flavoured corns Veg 150.0100.0
2022-07-25 15:19:07 - 46 Chicken Pizza Crunch flavoured Chicken Non Veg 250.0150.0
2022-07-25 15:19:07 - 63 Paneer Pizza paneer Mayonise flavoured pizza Veg 250.0200.0
2022-07-25 15:19:49 - Fetched The Pizza Details
2022-07-25 15:19:49 - 43 Corn Pozza Crunch flavoured corns Veg 150.0100.0
2022-07-25 15:19:49 - 46 Chicken Pizza Crunch flavoured Chicken Non Veg 250.0150.0
2022-07-25 15:19:49 - 63 Paneer Pizza paneer Mayonise flavoured pizza Veg 250.0200.0
2022-07-25 15:20:04 - Fetched The Pizza Details
2022-07-25 15:20:04 - 43 Corn Pozza Crunch flavoured corns Veg 150.0100.0
2022-07-25 15:20:04 - 46 Chicken Pizza Crunch flavoured Chicken Non Veg 250.0150.0
2022-07-25 15:20:04 - 63 Paneer Pizza paneer Mayonise flavoured pizza Veg 250.0200.0
2022-07-25 15:20:18 - Fetched The Pizza Details
2022-07-25 15:20:18 - 43 Corn Pozza Crunch flavoured corns Veg 150.0100.0
2022-07-25 15:20:18 - 46 Chicken Pizza Crunch flavoured Chicken Non Veg 250.0150.0
2022-07-25 15:20:18 - 63 Paneer Pizza paneer Mayonise flavoured pizza Veg 250.0200.0
2022-07-25 15:26:23 - Fetched The Coupon
2022-07-25 15:26:23 - 47 WELCOME 50% offer First User Offer 123
2022-07-25 15:26:23 - 52 WEEKEND OFFER 30%Off WeekOff 1234
2022-07-25 15:26:34 - Fetched The Coupon
2022-07-25 15:26:34 - 47 WELCOME 50% offer First User Offer 123
2022-07-25 15:26:34 - 52 WEEKEND OFFER 30%Off WeekOff 1234
2022-07-25 15:26:48 - Fetched The Coupon
2022-07-25 15:26:48 - 47 WELCOME 50% offer First User Offer 123
2022-07-25 15:26:48 - 52 WEEKEND OFFER 30%Off WeekOff 1234
2022-07-25 15:28:15 - Fetched The Coupon
2022-07-25 15:28:15 - 47 WELCOME 50% offer First User Offer 123
2022-07-25 15:28:15 - 52 WEEKEND OFFER 30%Off WeekOff 1234
2022-07-25 15:28:43 - Fetched The Coupon
2022-07-25 15:28:43 - 47 WELCOME 50% offer First User Offer 123
2022-07-25 15:28:43 - 52 WEEKEND OFFER 30%Off WeekOff 1234
2022-07-25 15:29:07 - Fetched The Coupon
2022-07-25 15:29:07 - 47 WELCOME 50% offer First User Offer 123
2022-07-25 15:29:07 - 52 WEEKEND OFFER 30%Off WeekOff 1234
2022-07-25 15:29:10 - Fetched The Coupon
2022-07-25 15:29:10 - 47 WELCOME 50% offer First User Offer 123
2022-07-25 15:29:10 - 52 WEEKEND OFFER 30%Off WeekOff 1234
2022-07-25 15:29:17 - Fetched The Coupon
2022-07-25 15:29:17 - 47 WELCOME 50% offer First User Offer 123
2022-07-25 15:29:17 - 52 WEEKEND OFFER 30%Off WeekOff 1234
2022-07-25 15:29:50 - Fetched The Coupon
2022-07-25 15:29:50 - 47 WELCOME 50% offer First User Offer 123
2022-07-25 15:29:50 - 52 WEEKEND OFFER 30%Off WeekOff 1234
2022-07-25 15:29:51 - Fetched The Coupon
2022-07-25 15:29:51 - 47 WELCOME 50% offer First User Offer 123
2022-07-25 15:29:51 - 52 WEEKEND OFFER 30%Off WeekOff 1234
2022-07-25 15:36:29 - Fetched The Coupon
2022-07-25 15:36:29 - 47 WELCOME 50% offer First User Offer 123
2022-07-25 15:36:29 - 52 WEEKEND OFFER 30%Off WeekOff 1234
2022-07-25 15:36:46 - Fetched The Coupon
2022-07-25 15:36:46 - 47 WELCOME 50% offer First User Offer 123
2022-07-25 15:36:46 - 52 WEEKEND OFFER 30%Off WeekOff 1234
2022-07-25 15:37:10 - Fetched The Coupon
2022-07-25 15:37:10 - 47 WELCOME 50% offer First User Offer 123
2022-07-25 15:37:10 - 52 WEEKEND OFFER 30%Off WeekOff 1234
2022-07-25 15:45:57 - Fetched The Coupon
2022-07-25 15:45:57 - 47 WELCOME 50% offer First User Offer 123
2022-07-25 15:45:57 - 52 WEEKEND OFFER 30%Off WeekOff 1234
2022-07-25 15:46:43 - Fetched the Customer details
2022-07-25 15:46:43 - Customer Details are Fetched
2022-07-25 15:46:43 - 35 Soukya 9087655 sou@gmail.comknr
2022-07-25 15:46:43 - 39 SaiKiran 7765432189 Saikiran@gmail.comHyderabad
2022-07-25 15:46:43 - 41 Seetasri 7732075360 seeta@gmail.comWarangal
2022-07-25 15:46:53 - Fetched the Customer details
2022-07-25 15:46:53 - Customer Details are Fetched
2022-07-25 15:46:53 - 35 Soukya 9087655 sou@gmail.comknr
2022-07-25 15:46:53 - 39 SaiKiran 7765432189 Saikiran@gmail.comHyderabad
2022-07-25 15:46:53 - 41 Seetasri 7732075360 seeta@gmail.comWarangal
2022-07-25 15:46:59 - Fetched The Pizza Details
2022-07-25 15:46:59 - 43 Corn Pozza Crunch flavoured corns Veg 150.0100.0
2022-07-25 15:46:59 - 46 Chicken Pizza Crunch flavoured Chicken Non Veg 250.0150.0
2022-07-25 15:46:59 - 63 Paneer Pizza paneer Mayonise flavoured pizza Veg 250.0200.0
2022-07-25 15:48:43 - Resolved [org.springframework.web.method.annotation.MethodArgumentTypeMismatchException: Failed to convert value of type 'java.lang.String' to required type 'int'; nested exception is java.lang.NumberFormatException: For input string: "undefined"]
2022-07-25 15:49:32 - Resolved [org.springframework.web.method.annotation.MethodArgumentTypeMismatchException: Failed to convert value of type 'java.lang.String' to required type 'int'; nested exception is java.lang.NumberFormatException: For input string: "undefined"]
2022-07-25 15:50:01 - Resolved [org.springframework.web.method.annotation.MethodArgumentTypeMismatchException: Failed to convert value of type 'java.lang.String' to required type 'int'; nested exception is java.lang.NumberFormatException: For input string: "undefined"]
2022-07-25 15:50:30 - Fetched The Pizza Details
2022-07-25 15:50:30 - 43 Corn Pozza Crunch flavoured corns Veg 150.0100.0
2022-07-25 15:50:30 - 46 Chicken Pizza Crunch flavoured Chicken Non Veg 250.0150.0
2022-07-25 15:50:30 - 63 Paneer Pizza paneer Mayonise flavoured pizza Veg 250.0200.0
2022-07-25 15:50:37 - Fetched The Coupon
2022-07-25 15:50:37 - 47 WELCOME 50% offer First User Offer 123
2022-07-25 15:50:37 - 52 WEEKEND OFFER 30%Off WeekOff 1234
2022-07-25 15:50:48 - Resolved [org.springframework.web.method.annotation.MethodArgumentTypeMismatchException: Failed to convert value of type 'java.lang.String' to required type 'int'; nested exception is java.lang.NumberFormatException: For input string: "undefined"]
2022-07-25 15:51:32 - Fetched The Coupon
2022-07-25 15:51:32 - 47 WELCOME 50% offer First User Offer 123
2022-07-25 15:51:32 - 52 WEEKEND OFFER 30%Off WeekOff 1234
2022-07-25 15:52:04 - Resolved [org.springframework.web.method.annotation.MethodArgumentTypeMismatchException: Failed to convert value of type 'java.lang.String' to required type 'int'; nested exception is java.lang.NumberFormatException: For input string: "undefined"]
2022-07-25 15:52:07 - Fetched The Coupon
2022-07-25 15:52:07 - Fetched The Pizza Details
2022-07-25 15:52:07 - 47 WELCOME 50% offer First User Offer 123
2022-07-25 15:52:07 - 52 WEEKEND OFFER 30%Off WeekOff 1234
2022-07-25 15:52:07 - 43 Corn Pozza Crunch flavoured corns Veg 150.0100.0
2022-07-25 15:52:07 - 46 Chicken Pizza Crunch flavoured Chicken Non Veg 250.0150.0
2022-07-25 15:52:07 - 63 Paneer Pizza paneer Mayonise flavoured pizza Veg 250.0200.0
2022-07-25 15:52:09 - Resolved [org.springframework.web.method.annotation.MethodArgumentTypeMismatchException: Failed to convert value of type 'java.lang.String' to required type 'int'; nested exception is java.lang.NumberFormatException: For input string: "undefined"]
2022-07-25 15:54:16 - Resolved [org.springframework.web.method.annotation.MethodArgumentTypeMismatchException: Failed to convert value of type 'java.lang.String' to required type 'int'; nested exception is java.lang.NumberFormatException: For input string: "undefined"]
2022-07-25 15:56:01 - Resolved [org.springframework.web.method.annotation.MethodArgumentTypeMismatchException: Failed to convert value of type 'java.lang.String' to required type 'int'; nested exception is java.lang.NumberFormatException: For input string: "undefined"]
2022-07-25 16:26:13 - Fetched the Customer details
2022-07-25 16:26:13 - Customer Details are Fetched
2022-07-25 16:26:13 - 35 Soukya 9087655 sou@gmail.comknr
2022-07-25 16:26:13 - 39 SaiKiran 7765432189 Saikiran@gmail.comHyderabad
2022-07-25 16:26:13 - 41 Seetasri 7732075360 seeta@gmail.comWarangal
2022-07-25 16:26:55 - Coupon added successfully
2022-07-25 16:26:55 - Created The Coupon Details
2022-07-25 16:27:29 - Fetched The Coupon
2022-07-25 16:27:29 - 47 WELCOME 50% offer First User Offer 123
2022-07-25 16:27:29 - 52 WEEKEND OFFER 30%Off WeekOff 1234
2022-07-25 16:27:29 - 64 Friday Offer Weekend WeekOff 123456
2022-07-25 16:27:36 - Fetched The Pizza Details
2022-07-25 16:27:36 - 43 Corn Pozza Crunch flavoured corns Veg 150.0100.0
2022-07-25 16:27:36 - 46 Chicken Pizza Crunch flavoured Chicken Non Veg 250.0150.0
2022-07-25 16:27:36 - 63 Paneer Pizza paneer Mayonise flavoured pizza Veg 250.0200.0
2022-07-25 16:27:55 - Resolved [org.springframework.web.method.annotation.MethodArgumentTypeMismatchException: Failed to convert value of type 'java.lang.String' to required type 'int'; nested exception is java.lang.NumberFormatException: For input string: "undefined"]
2022-07-25 16:28:08 - Fetched The Pizza Details
2022-07-25 16:28:08 - Fetched The Coupon
2022-07-25 16:28:08 - 43 Corn Pozza Crunch flavoured corns Veg 150.0100.0
2022-07-25 16:28:08 - 46 Chicken Pizza Crunch flavoured Chicken Non Veg 250.0150.0
2022-07-25 16:28:08 - 63 Paneer Pizza paneer Mayonise flavoured pizza Veg 250.0200.0
2022-07-25 16:28:08 - 47 WELCOME 50% offer First User Offer 123
2022-07-25 16:28:08 - 52 WEEKEND OFFER 30%Off WeekOff 1234
2022-07-25 16:28:08 - 64 Friday Offer Weekend WeekOff 123456
2022-07-25 16:28:41 - PizzaOrder added successfully
2022-07-25 16:28:41 - PizzaOrder is Created
2022-07-25 16:29:17 - Resolved [org.springframework.web.method.annotation.MethodArgumentTypeMismatchException: Failed to convert value of type 'java.lang.String' to required type 'int'; nested exception is java.lang.NumberFormatException: For input string: "undefined"]
2022-07-25 17:03:02 - Fetched The Coupon
2022-07-25 17:03:02 - 47 WELCOME 50% offer First User Offer 123
2022-07-25 17:03:02 - 52 WEEKEND OFFER 30%Off WeekOff 1234
2022-07-25 17:03:02 - 64 Friday Offer Weekend WeekOff 123456
